# JRE version: OpenJDK Runtime Environment Temurin-17.0.13+11 (17.0.13+11) (build 17.0.13+11)
# Java VM: OpenJDK 64-Bit Server VM Temurin-17.0.13+11 (17.0.13+11, mixed mode, tiered, compressed oops, compressed class ptrs, parallel gc, windows-amd64)
GC Precious Log:
 CPUs: 4 total, 4 available
 Memory: 8075M
 Large Page Support: Disabled
 NUMA Support: Disabled
 Compressed Oops: Enabled (32-bit)
 Alignments: Space 512K, Generation 512K, Heap 2M
 Heap Min Capacity: 100M
 Heap Initial Capacity: 100M
 Heap Max Capacity: 1G
 Pre-touch: Disabled
 Parallel Workers: 4
Heap:
 PSYoungGen      total 14848K, used 7916K [0x00000000eab00000, 0x00000000ebe80000, 0x0000000100000000)
  eden space 9728K, 28% used [0x00000000eab00000,0x00000000eadc0ac0,0x00000000eb480000)
  from space 5120K, 99% used [0x00000000eb980000,0x00000000ebe7a7c0,0x00000000ebe80000)
  to   space 4608K, 0% used [0x00000000eb480000,0x00000000eb480000,0x00000000eb900000)
 ParOldGen       total 448512K, used 400303K [0x00000000c0000000, 0x00000000db600000, 0x00000000eab00000)
  object space 448512K, 89% used [0x00000000c0000000,0x00000000d86ebf48,0x00000000db600000)
 Metaspace       used 75395K, committed 76736K, reserved 1179648K
  class space    used 8014K, committed 8640K, reserved 1048576K
GC Heap History (20 events):
Event: 49.662 GC heap before
{Heap before GC invocations=186 (full 12):
 PSYoungGen      total 12800K, used 12791K [0x00000000eab00000, 0x00000000ec980000, 0x0000000100000000)
  eden space 5120K, 100% used [0x00000000eab00000,0x00000000eb000000,0x00000000eb000000)
  from space 7680K, 99% used [0x00000000eb000000,0x00000000eb77dfa0,0x00000000eb780000)
  to   space 12800K, 0% used [0x00000000ebd00000,0x00000000ebd00000,0x00000000ec980000)
 ParOldGen       total 448512K, used 382275K [0x00000000c0000000, 0x00000000db600000, 0x00000000eab00000)
  object space 448512K, 85% used [0x00000000c0000000,0x00000000d7550e20,0x00000000db600000)
 Metaspace       used 71602K, committed 72896K, reserved 1114112K
  class space    used 7659K, committed 8256K, reserved 1048576K
}
Event: 49.681 GC heap after
{Heap after GC invocations=186 (full 12):
 PSYoungGen      total 13824K, used 7563K [0x00000000eab00000, 0x00000000ec480000, 0x0000000100000000)
  eden space 6144K, 0% used [0x00000000eab00000,0x00000000eab00000,0x00000000eb100000)
  from space 7680K, 98% used [0x00000000ebd00000,0x00000000ec462fb8,0x00000000ec480000)
  to   space 9216K, 0% used [0x00000000eb280000,0x00000000eb280000,0x00000000ebb80000)
 ParOldGen       total 448512K, used 386984K [0x00000000c0000000, 0x00000000db600000, 0x00000000eab00000)
  object space 448512K, 86% used [0x00000000c0000000,0x00000000d79ea3f8,0x00000000db600000)
 Metaspace       used 71602K, committed 72896K, reserved 1114112K
  class space    used 7659K, committed 8256K, reserved 1048576K
}
Event: 49.725 GC heap before
{Heap before GC invocations=187 (full 12):
 PSYoungGen      total 13824K, used 13707K [0x00000000eab00000, 0x00000000ec480000, 0x0000000100000000)
  eden space 6144K, 100% used [0x00000000eab00000,0x00000000eb100000,0x00000000eb100000)
  from space 7680K, 98% used [0x00000000ebd00000,0x00000000ec462fb8,0x00000000ec480000)
  to   space 9216K, 0% used [0x00000000eb280000,0x00000000eb280000,0x00000000ebb80000)
 ParOldGen       total 448512K, used 386984K [0x00000000c0000000, 0x00000000db600000, 0x00000000eab00000)
  object space 448512K, 86% used [0x00000000c0000000,0x00000000d79ea3f8,0x00000000db600000)
 Metaspace       used 71604K, committed 72896K, reserved 1114112K
  class space    used 7659K, committed 8256K, reserved 1048576K
}
Event: 49.733 GC heap after
{Heap after GC invocations=187 (full 12):
 PSYoungGen      total 15872K, used 8429K [0x00000000eab00000, 0x00000000ec300000, 0x0000000100000000)
  eden space 7168K, 0% used [0x00000000eab00000,0x00000000eab00000,0x00000000eb200000)
  from space 8704K, 96% used [0x00000000eb280000,0x00000000ebabb7b8,0x00000000ebb00000)
  to   space 8192K, 0% used [0x00000000ebb00000,0x00000000ebb00000,0x00000000ec300000)
 ParOldGen       total 448512K, used 388528K [0x00000000c0000000, 0x00000000db600000, 0x00000000eab00000)
  object space 448512K, 86% used [0x00000000c0000000,0x00000000d7b6c3f8,0x00000000db600000)
 Metaspace       used 71604K, committed 72896K, reserved 1114112K
  class space    used 7659K, committed 8256K, reserved 1048576K
}
Event: 53.305 GC heap before
{Heap before GC invocations=188 (full 12):
 PSYoungGen      total 15872K, used 15595K [0x00000000eab00000, 0x00000000ec300000, 0x0000000100000000)
  eden space 7168K, 99% used [0x00000000eab00000,0x00000000eb1ff7e8,0x00000000eb200000)
  from space 8704K, 96% used [0x00000000eb280000,0x00000000ebabb7b8,0x00000000ebb00000)
  to   space 8192K, 0% used [0x00000000ebb00000,0x00000000ebb00000,0x00000000ec300000)
 ParOldGen       total 448512K, used 388528K [0x00000000c0000000, 0x00000000db600000, 0x00000000eab00000)
  object space 448512K, 86% used [0x00000000c0000000,0x00000000d7b6c3f8,0x00000000db600000)
 Metaspace       used 71624K, committed 72960K, reserved 1114112K
  class space    used 7660K, committed 8256K, reserved 1048576K
}
Event: 53.316 GC heap after
{Heap after GC invocations=188 (full 12):
 PSYoungGen      total 16384K, used 7885K [0x00000000eab00000, 0x00000000ec300000, 0x0000000100000000)
  eden space 8192K, 0% used [0x00000000eab00000,0x00000000eab00000,0x00000000eb300000)
  from space 8192K, 96% used [0x00000000ebb00000,0x00000000ec2b34e8,0x00000000ec300000)
  to   space 8192K, 0% used [0x00000000eb300000,0x00000000eb300000,0x00000000ebb00000)
 ParOldGen       total 448512K, used 389892K [0x00000000c0000000, 0x00000000db600000, 0x00000000eab00000)
  object space 448512K, 86% used [0x00000000c0000000,0x00000000d7cc12d0,0x00000000db600000)
 Metaspace       used 71624K, committed 72960K, reserved 1114112K
  class space    used 7660K, committed 8256K, reserved 1048576K
}
Event: 53.474 GC heap before
{Heap before GC invocations=189 (full 12):
 PSYoungGen      total 16384K, used 16045K [0x00000000eab00000, 0x00000000ec300000, 0x0000000100000000)
  eden space 8192K, 99% used [0x00000000eab00000,0x00000000eb2f8110,0x00000000eb300000)
  from space 8192K, 96% used [0x00000000ebb00000,0x00000000ec2b34e8,0x00000000ec300000)
  to   space 8192K, 0% used [0x00000000eb300000,0x00000000eb300000,0x00000000ebb00000)
 ParOldGen       total 448512K, used 389892K [0x00000000c0000000, 0x00000000db600000, 0x00000000eab00000)
  object space 448512K, 86% used [0x00000000c0000000,0x00000000d7cc12d0,0x00000000db600000)
 Metaspace       used 72590K, committed 73920K, reserved 1179648K
  class space    used 7747K, committed 8384K, reserved 1048576K
}
Event: 53.486 GC heap after
{Heap after GC invocations=189 (full 12):
 PSYoungGen      total 16384K, used 8174K [0x00000000eab00000, 0x00000000ec500000, 0x0000000100000000)
  eden space 8192K, 0% used [0x00000000eab00000,0x00000000eab00000,0x00000000eb300000)
  from space 8192K, 99% used [0x00000000eb300000,0x00000000ebafb8b8,0x00000000ebb00000)
  to   space 8704K, 0% used [0x00000000ebc80000,0x00000000ebc80000,0x00000000ec500000)
 ParOldGen       total 448512K, used 390068K [0x00000000c0000000, 0x00000000db600000, 0x00000000eab00000)
  object space 448512K, 86% used [0x00000000c0000000,0x00000000d7ced248,0x00000000db600000)
 Metaspace       used 72590K, committed 73920K, reserved 1179648K
  class space    used 7747K, committed 8384K, reserved 1048576K
}
Event: 53.948 GC heap before
{Heap before GC invocations=190 (full 12):
 PSYoungGen      total 16384K, used 16366K [0x00000000eab00000, 0x00000000ec500000, 0x0000000100000000)
  eden space 8192K, 100% used [0x00000000eab00000,0x00000000eb300000,0x00000000eb300000)
  from space 8192K, 99% used [0x00000000eb300000,0x00000000ebafb8b8,0x00000000ebb00000)
  to   space 8704K, 0% used [0x00000000ebc80000,0x00000000ebc80000,0x00000000ec500000)
 ParOldGen       total 448512K, used 390068K [0x00000000c0000000, 0x00000000db600000, 0x00000000eab00000)
  object space 448512K, 86% used [0x00000000c0000000,0x00000000d7ced248,0x00000000db600000)
 Metaspace       used 73541K, committed 74880K, reserved 1179648K
  class space    used 7838K, committed 8448K, reserved 1048576K
}
Event: 53.957 GC heap after
{Heap after GC invocations=190 (full 12):
 PSYoungGen      total 11264K, used 1760K [0x00000000eab00000, 0x00000000ebe80000, 0x0000000100000000)
  eden space 9216K, 0% used [0x00000000eab00000,0x00000000eab00000,0x00000000eb400000)
  from space 2048K, 85% used [0x00000000ebc80000,0x00000000ebe38038,0x00000000ebe80000)
  to   space 4608K, 0% used [0x00000000eb580000,0x00000000eb580000,0x00000000eba00000)
 ParOldGen       total 448512K, used 396900K [0x00000000c0000000, 0x00000000db600000, 0x00000000eab00000)
  object space 448512K, 88% used [0x00000000c0000000,0x00000000d8399298,0x00000000db600000)
 Metaspace       used 73541K, committed 74880K, reserved 1179648K
  class space    used 7838K, committed 8448K, reserved 1048576K
}
Event: 54.657 GC heap before
{Heap before GC invocations=191 (full 12):
 PSYoungGen      total 11264K, used 10976K [0x00000000eab00000, 0x00000000ebe80000, 0x0000000100000000)
  eden space 9216K, 100% used [0x00000000eab00000,0x00000000eb400000,0x00000000eb400000)
  from space 2048K, 85% used [0x00000000ebc80000,0x00000000ebe38038,0x00000000ebe80000)
  to   space 4608K, 0% used [0x00000000eb580000,0x00000000eb580000,0x00000000eba00000)
 ParOldGen       total 448512K, used 396900K [0x00000000c0000000, 0x00000000db600000, 0x00000000eab00000)
  object space 448512K, 88% used [0x00000000c0000000,0x00000000d8399298,0x00000000db600000)
 Metaspace       used 74526K, committed 75904K, reserved 1179648K
  class space    used 7953K, committed 8576K, reserved 1048576K
}
Event: 54.661 GC heap after
{Heap after GC invocations=191 (full 12):
 PSYoungGen      total 14848K, used 1824K [0x00000000eab00000, 0x00000000ebd00000, 0x0000000100000000)
  eden space 10240K, 0% used [0x00000000eab00000,0x00000000eab00000,0x00000000eb500000)
  from space 4608K, 39% used [0x00000000eb580000,0x00000000eb748038,0x00000000eba00000)
  to   space 2560K, 0% used [0x00000000eba80000,0x00000000eba80000,0x00000000ebd00000)
 ParOldGen       total 448512K, used 396908K [0x00000000c0000000, 0x00000000db600000, 0x00000000eab00000)
  object space 448512K, 88% used [0x00000000c0000000,0x00000000d839b298,0x00000000db600000)
 Metaspace       used 74526K, committed 75904K, reserved 1179648K
  class space    used 7953K, committed 8576K, reserved 1048576K
}
Event: 58.357 GC heap before
{Heap before GC invocations=192 (full 12):
 PSYoungGen      total 14848K, used 12064K [0x00000000eab00000, 0x00000000ebd00000, 0x0000000100000000)
  eden space 10240K, 100% used [0x00000000eab00000,0x00000000eb500000,0x00000000eb500000)
  from space 4608K, 39% used [0x00000000eb580000,0x00000000eb748038,0x00000000eba00000)
  to   space 2560K, 0% used [0x00000000eba80000,0x00000000eba80000,0x00000000ebd00000)
 ParOldGen       total 448512K, used 396908K [0x00000000c0000000, 0x00000000db600000, 0x00000000eab00000)
  object space 448512K, 88% used [0x00000000c0000000,0x00000000d839b298,0x00000000db600000)
 Metaspace       used 74838K, committed 76224K, reserved 1179648K
  class space    used 7996K, committed 8640K, reserved 1048576K
}
Event: 58.360 GC heap after
{Heap after GC invocations=192 (full 12):
 PSYoungGen      total 13312K, used 2544K [0x00000000eab00000, 0x00000000ebd00000, 0x0000000100000000)
  eden space 10752K, 0% used [0x00000000eab00000,0x00000000eab00000,0x00000000eb580000)
  from space 2560K, 99% used [0x00000000eba80000,0x00000000ebcfc048,0x00000000ebd00000)
  to   space 3072K, 0% used [0x00000000eb700000,0x00000000eb700000,0x00000000eba00000)
 ParOldGen       total 448512K, used 396916K [0x00000000c0000000, 0x00000000db600000, 0x00000000eab00000)
  object space 448512K, 88% used [0x00000000c0000000,0x00000000d839d298,0x00000000db600000)
 Metaspace       used 74838K, committed 76224K, reserved 1179648K
  class space    used 7996K, committed 8640K, reserved 1048576K
}
Event: 59.001 GC heap before
{Heap before GC invocations=193 (full 12):
 PSYoungGen      total 13312K, used 13296K [0x00000000eab00000, 0x00000000ebd00000, 0x0000000100000000)
  eden space 10752K, 100% used [0x00000000eab00000,0x00000000eb580000,0x00000000eb580000)
  from space 2560K, 99% used [0x00000000eba80000,0x00000000ebcfc048,0x00000000ebd00000)
  to   space 3072K, 0% used [0x00000000eb700000,0x00000000eb700000,0x00000000eba00000)
 ParOldGen       total 448512K, used 396916K [0x00000000c0000000, 0x00000000db600000, 0x00000000eab00000)
  object space 448512K, 88% used [0x00000000c0000000,0x00000000d839d298,0x00000000db600000)
 Metaspace       used 75124K, committed 76544K, reserved 1179648K
  class space    used 8013K, committed 8640K, reserved 1048576K
}
Event: 59.008 GC heap after
{Heap after GC invocations=193 (full 12):
 PSYoungGen      total 14336K, used 3063K [0x00000000eab00000, 0x00000000ec000000, 0x0000000100000000)
  eden space 11264K, 0% used [0x00000000eab00000,0x00000000eab00000,0x00000000eb600000)
  from space 3072K, 99% used [0x00000000eb700000,0x00000000eb9fde40,0x00000000eba00000)
  to   space 5120K, 0% used [0x00000000ebb00000,0x00000000ebb00000,0x00000000ec000000)
 ParOldGen       total 448512K, used 398228K [0x00000000c0000000, 0x00000000db600000, 0x00000000eab00000)
  object space 448512K, 88% used [0x00000000c0000000,0x00000000d84e52c0,0x00000000db600000)
 Metaspace       used 75124K, committed 76544K, reserved 1179648K
  class space    used 8013K, committed 8640K, reserved 1048576K
}
Event: 60.084 GC heap before
{Heap before GC invocations=194 (full 12):
 PSYoungGen      total 14336K, used 14327K [0x00000000eab00000, 0x00000000ec000000, 0x0000000100000000)
  eden space 11264K, 99% used [0x00000000eab00000,0x00000000eb5ffff8,0x00000000eb600000)
  from space 3072K, 99% used [0x00000000eb700000,0x00000000eb9fde40,0x00000000eba00000)
  to   space 5120K, 0% used [0x00000000ebb00000,0x00000000ebb00000,0x00000000ec000000)
 ParOldGen       total 448512K, used 398228K [0x00000000c0000000, 0x00000000db600000, 0x00000000eab00000)
  object space 448512K, 88% used [0x00000000c0000000,0x00000000d84e52c0,0x00000000db600000)
 Metaspace       used 75141K, committed 76544K, reserved 1179648K
  class space    used 8013K, committed 8640K, reserved 1048576K
}
Event: 60.092 GC heap after
{Heap after GC invocations=194 (full 12):
 PSYoungGen      total 14848K, used 5091K [0x00000000eab00000, 0x00000000ec380000, 0x0000000100000000)
  eden space 9728K, 0% used [0x00000000eab00000,0x00000000eab00000,0x00000000eb480000)
  from space 5120K, 99% used [0x00000000ebb00000,0x00000000ebff8e70,0x00000000ec000000)
  to   space 6656K, 0% used [0x00000000eb480000,0x00000000eb480000,0x00000000ebb00000)
 ParOldGen       total 448512K, used 399332K [0x00000000c0000000, 0x00000000db600000, 0x00000000eab00000)
  object space 448512K, 89% used [0x00000000c0000000,0x00000000d85f92d0,0x00000000db600000)
 Metaspace       used 75141K, committed 76544K, reserved 1179648K
  class space    used 8013K, committed 8640K, reserved 1048576K
}
Event: 71.838 GC heap before
{Heap before GC invocations=195 (full 12):
 PSYoungGen      total 14848K, used 14801K [0x00000000eab00000, 0x00000000ec380000, 0x0000000100000000)
  eden space 9728K, 99% used [0x00000000eab00000,0x00000000eb47b888,0x00000000eb480000)
  from space 5120K, 99% used [0x00000000ebb00000,0x00000000ebff8e70,0x00000000ec000000)
  to   space 6656K, 0% used [0x00000000eb480000,0x00000000eb480000,0x00000000ebb00000)
 ParOldGen       total 448512K, used 399332K [0x00000000c0000000, 0x00000000db600000, 0x00000000eab00000)
  object space 448512K, 89% used [0x00000000c0000000,0x00000000d85f92d0,0x00000000db600000)
 Metaspace       used 75294K, committed 76672K, reserved 1179648K
  class space    used 8014K, committed 8640K, reserved 1048576K
}
Event: 71.843 GC heap after
{Heap after GC invocations=195 (full 12):
 PSYoungGen      total 14336K, used 4361K [0x00000000eab00000, 0x00000000ebe80000, 0x0000000100000000)
  eden space 9728K, 0% used [0x00000000eab00000,0x00000000eab00000,0x00000000eb480000)
  from space 4608K, 94% used [0x00000000eb480000,0x00000000eb8c2780,0x00000000eb900000)
  to   space 5120K, 0% used [0x00000000eb980000,0x00000000eb980000,0x00000000ebe80000)
 ParOldGen       total 448512K, used 399991K [0x00000000c0000000, 0x00000000db600000, 0x00000000eab00000)
  object space 448512K, 89% used [0x00000000c0000000,0x00000000d869df48,0x00000000db600000)
 Metaspace       used 75294K, committed 76672K, reserved 1179648K
  class space    used 8014K, committed 8640K, reserved 1048576K
}

